<?xml version="1.0" encoding="UTF-8"?>
<!-- Generated by org.testng.reporters.JUnitXMLReporter -->
<testsuite hostname="L-000855" name="Default test" tests="2" failures="1" timestamp="11 Aug 2016 10:05:45 GMT" time="25.631" errors="0">
  <testcase name="@AfterClass afterClass" time="0.0" classname="test1.DomaciTest1">
    <failure type="java.lang.NullPointerException">
      <![CDATA[java.lang.NullPointerException
	at test1.DomaciTest1.afterClass(DomaciTest1.java:89)
... Removed 25 stack frames]]>
    </failure>
  </testcase> <!-- @AfterClass afterClass -->
  <testcase name="test1" time="0.009" classname="test1.DomaciTest1">
    <failure type="java.lang.NullPointerException">
      <![CDATA[java.lang.NullPointerException
	at test1.DomaciTest1.test1(DomaciTest1.java:69)
... Removed 25 stack frames]]>
    </failure>
  </testcase> <!-- test1 -->
  <testcase name="test" time="0.0" classname="test1.DomaciTest1">
    <skipped/>
  </testcase> <!-- test -->
</testsuite> <!-- Default test -->
