<?xml version="1.0" encoding="UTF-8"?>
<testng-results skipped="0" failed="0" total="1" passed="1">
  <reporter-output>
  </reporter-output>
  <suite name="Default suite" duration-ms="19007" started-at="2016-08-08T08:23:36Z" finished-at="2016-08-08T08:23:55Z">
    <groups>
    </groups>
    <test name="Default test" duration-ms="19007" started-at="2016-08-08T08:23:36Z" finished-at="2016-08-08T08:23:55Z">
      <class name="test.login.LoginFail2">
        <test-method status="PASS" signature="beforeClass()[pri:0, instance:test.login.LoginFail2@6d8a00e3]" name="beforeClass" is-config="true" duration-ms="10129" started-at="2016-08-08T10:23:36Z" finished-at="2016-08-08T10:23:46Z">
          <reporter-output>
          </reporter-output>
        </test-method> <!-- beforeClass -->
        <test-method status="PASS" signature="f()[pri:0, instance:test.login.LoginFail2@6d8a00e3]" name="f" duration-ms="8212" started-at="2016-08-08T10:23:46Z" finished-at="2016-08-08T10:23:54Z">
          <reporter-output>
          </reporter-output>
        </test-method> <!-- f -->
        <test-method status="PASS" signature="afterClass()[pri:0, instance:test.login.LoginFail2@6d8a00e3]" name="afterClass" is-config="true" duration-ms="627" started-at="2016-08-08T10:23:54Z" finished-at="2016-08-08T10:23:55Z">
          <reporter-output>
          </reporter-output>
        </test-method> <!-- afterClass -->
      </class> <!-- test.login.LoginFail2 -->
    </test> <!-- Default test -->
  </suite> <!-- Default suite -->
</testng-results>
